# Preference setting overrides
gui_create_pref_key -category {Globals} -key {load_detail_for_funcov} -value_type {bool} -value {false}

# State setting overrides
gui_state_default_create -off -ini
gui_set_state_value -category Globals -key recent_databases -value {{gui_open_db -file /home/jwang710/LiteDram/litedram/lpddr4_test_0.vcd -design V1} {gui_open_db -file /home/jwang710/LiteDram/litedram/lpddr4_test.vcd -design V2} {gui_open_db -file /home/jwang710/LiteDram/migen/examples/sim/basic1.vcd -design V1} {gui_open_db -file /home/jwang710/LiteDram/litedram/sim.vcd -design V1} {gui_open_db -file /home/jwang710/LiteDram/litedram/lpddr4_test_16.vcd -design V1}}
gui_set_state_value -category Layout -key child_console_size_x -value 867
gui_set_state_value -category Layout -key child_console_size_y -value 176
gui_set_state_value -category Layout -key child_data_coltype -value 41
gui_set_state_value -category Layout -key child_data_colvariable -value 183
gui_set_state_value -category Layout -key child_data_size_x -value 349
gui_set_state_value -category Layout -key child_data_size_y -value 476
gui_set_state_value -category Layout -key child_hier_col3 -value {-1}
gui_set_state_value -category Layout -key child_hier_colhier -value 152
gui_set_state_value -category Layout -key child_hier_colpd -value 0
gui_set_state_value -category Layout -key child_hier_coltype -value 111
gui_set_state_value -category Layout -key child_hier_size_x -value 273
gui_set_state_value -category Layout -key child_hier_size_y -value 476
gui_set_state_value -category Layout -key child_source_docknewline -value false
gui_set_state_value -category Layout -key child_source_pos_x -value {-2}
gui_set_state_value -category Layout -key child_source_pos_y -value {-15}
gui_set_state_value -category Layout -key child_source_size_x -value 248
gui_set_state_value -category Layout -key child_source_size_y -value 471
gui_set_state_value -category Layout -key child_wave_colname -value 179
gui_set_state_value -category Layout -key child_wave_colvalue -value 62
gui_set_state_value -category Layout -key child_wave_left -value 245
gui_set_state_value -category Layout -key child_wave_right -value 597
gui_set_state_value -category Layout -key main_pos_x -value 846
gui_set_state_value -category Layout -key main_pos_y -value 142
gui_set_state_value -category Layout -key main_size_x -value 1713
gui_set_state_value -category Layout -key main_size_y -value 927
gui_set_state_value -category Layout -key stand_wave_child_docknewline -value false
gui_set_state_value -category Layout -key stand_wave_child_pos_x -value {-2}
gui_set_state_value -category Layout -key stand_wave_child_pos_y -value {-15}
gui_set_state_value -category Layout -key stand_wave_child_size_x -value 852
gui_set_state_value -category Layout -key stand_wave_child_size_y -value 359
gui_set_state_value -category Layout -key stand_wave_top_pos_x -value 806
gui_set_state_value -category Layout -key stand_wave_top_pos_y -value 144
gui_set_state_value -category Layout -key stand_wave_top_size_x -value 1653
gui_set_state_value -category Layout -key stand_wave_top_size_y -value 641
gui_create_state_key -category FindDialog -key m_pMatchCase -value_type bool -value false
gui_create_state_key -category FindDialog -key m_pMatchWord -value_type bool -value false
gui_create_state_key -category FindDialog -key m_pUseCombo -value_type string -value {}
gui_create_state_key -category FindDialog -key m_pWrapAround -value_type bool -value true
gui_create_state_key -category Widget_History -key TopLevel.2|EkTopVbox|wndWorkspace|qt_workspacechild3|Wave.1|left|filterVBox|controlHBox|unnamed -value_type string -value {dfiphaseadapter* dfiphase* lpddr4* lpddr4}
gui_state_default_create -off

# Begin command logging
gui_open_db -file /home/jwang710/LiteDram/litedram/sim_axi.vcd -design V1
gui_list_select -id Hier.1 -current_item_name axi_adapter -current_item_type Scope  -selected  { axi_adapter   }
gui_open_window Wave
gui_list_add -id Wave.1 -from Hier.1 { axi_adapter } -insertionbar
gui_wv_zoom_timerange -id  Wave.1 0 445
gui_wv_scroll_vslidermove -id  Wave.1 0
gui_wv_scroll_vslidermove -id  Wave.1 0
gui_wv_scroll_vslidermove -id  Wave.1 1276
gui_zoom -window Wave.1 -full
gui_wv_scroll_vslidermove -id  Wave.1 0
gui_wv_scroll_vslidermove -id  Wave.1 5621
gui_wv_scroll_vslidermove -id  Wave.1 5621
gui_wv_scroll_vslidermove -id  Wave.1 5047
gui_wv_scroll_vslidermove -id  Wave.1 5750
gui_wv_scroll_vslidermove -id  Wave.1 6696
gui_wv_scroll_vslidermove -id  Wave.1 8116
gui_wv_scroll_vslidermove -id  Wave.1 8574
gui_wv_scroll_vslidermove -id  Wave.1 9177
gui_wv_scroll_vslidermove -id  Wave.1 10295
gui_wv_scroll_vslidermove -id  Wave.1 9621
gui_wv_scroll_vslidermove -id  Wave.1 9320
gui_wv_scroll_vslidermove -id  Wave.1 8861
gui_wv_scroll_vslidermove -id  Wave.1 8632
gui_wv_scroll_vslidermove -id  Wave.1 7800
gui_wv_scroll_vslidermove -id  Wave.1 7327
gui_zoom -window  Wave.1  -full
gui_list_select -id Wave.1 -selected  { axi_adapter.rdata_ready   }
gui_list_select -id Wave.1 -selected  { axi_adapter.rdata_valid   }
gui_list_select -id Wave.1 -selected  { axi_adapter.wdata_ready   }
gui_list_select -id Wave.1 -selected  { axi_adapter.wdata_first   }
gui_list_select -id Wave.1 -selected  { axi_adapter.wdata_last   }
gui_list_select -id Wave.1 -selected  { axi_adapter.wdata_ready   }
gui_list_select -id Wave.1 -selected  { axi_adapter.cmd_last   }
gui_list_select -id Wave.1 -selected  { axi_adapter.cmd_ready   }
gui_list_select -id Wave.1 -selected  { axi_adapter.cmd_valid   }
gui_list_select -id Wave.1 -selected  { axi_adapter.cmd_ready   }
gui_list_select -id Wave.1 -selected  { axi_adapter.cmd_last   }
gui_list_select -id Wave.1 -selected  { axi_adapter.cmd_ready   }
gui_list_select -id Wave.1 -selected  { axi_adapter.cmd_valid   }
gui_marker_move -id  Wave.1 C1 14262
gui_marker_move -id  Wave.1 C1 12685
gui_wv_zoom_timerange -id  Wave.1 10912 15768
gui_wv_zoom_timerange -id  Wave.1 12654 12984
gui_wv_zoom_timerange -id  Wave.1 12755 12826
gui_wv_scroll_hslidermove -id  Wave.1 240387
gui_wv_scroll_hslidermove -id  Wave.1 240585
gui_wv_scroll_hslidermove -id  Wave.1 240783
gui_zoom -window Wave.1 -factor 0.5
gui_zoom -window Wave.1 -factor 0.5
gui_zoom -window Wave.1 -factor 0.5
gui_zoom -window Wave.1 -factor 0.5
gui_zoom -window Wave.1 -factor 2
gui_wv_scroll_hslidermove -id  Wave.1 29311
gui_wv_scroll_hslidermove -id  Wave.1 29113
gui_wv_scroll_hslidermove -id  Wave.1 29311
gui_wv_scroll_hslidermove -id  Wave.1 29509
gui_close_window -window TopLevel.2
