# Preference setting overrides
gui_create_pref_key -category {Globals} -key {load_detail_for_funcov} -value_type {bool} -value {false}

# State setting overrides
gui_state_default_create -off -ini
gui_set_state_value -category Globals -key recent_databases -value {{gui_open_db -file /home/jwang710/mc/verif/vcdplus.vpd -design V1} {gui_open_db -file /home/jwang710/mc/verif/vcdplus.vpd -design V2} {gui_open_db -file /home/jwang710/LiteDram/litedram/sim_multiplexer.vcd -design V11} {gui_open_db -file /home/jwang710/LiteDram/litedram/sim_multiplexer.vcd -design V10} {gui_open_db -file /home/jwang710/LiteDram/litedram/sim_multiplexer.vcd -design V9}}
gui_set_state_value -category Layout -key child_console_size_x -value 1919
gui_set_state_value -category Layout -key child_console_size_y -value 167
gui_set_state_value -category Layout -key child_data_coltype -value 61
gui_set_state_value -category Layout -key child_data_colvalue -value 65
gui_set_state_value -category Layout -key child_data_colvariable -value 242
gui_set_state_value -category Layout -key child_data_size_x -value 375
gui_set_state_value -category Layout -key child_data_size_y -value 728
gui_set_state_value -category Layout -key child_hier_col3 -value {-1}
gui_set_state_value -category Layout -key child_hier_colhier -value 152
gui_set_state_value -category Layout -key child_hier_colpd -value 0
gui_set_state_value -category Layout -key child_hier_coltype -value 111
gui_set_state_value -category Layout -key child_hier_size_x -value 264
gui_set_state_value -category Layout -key child_hier_size_y -value 728
gui_set_state_value -category Layout -key child_source_docknewline -value false
gui_set_state_value -category Layout -key child_source_pos_x -value {-2}
gui_set_state_value -category Layout -key child_source_pos_y -value {-15}
gui_set_state_value -category Layout -key child_source_size_x -value 1283
gui_set_state_value -category Layout -key child_source_size_y -value 723
gui_set_state_value -category Layout -key child_wave_colname -value 276
gui_set_state_value -category Layout -key child_wave_colvalue -value 277
gui_set_state_value -category Layout -key child_wave_left -value 557
gui_set_state_value -category Layout -key child_wave_right -value 1357
gui_set_state_value -category Layout -key main_pos_x -value 1
gui_set_state_value -category Layout -key main_pos_y -value 38
gui_set_state_value -category Layout -key main_size_x -value 1920
gui_set_state_value -category Layout -key main_size_y -value 1014
gui_set_state_value -category Layout -key stand_wave_child_docknewline -value false
gui_set_state_value -category Layout -key stand_wave_child_pos_x -value {-2}
gui_set_state_value -category Layout -key stand_wave_child_pos_y -value {-15}
gui_set_state_value -category Layout -key stand_wave_child_size_x -value 1924
gui_set_state_value -category Layout -key stand_wave_child_size_y -value 890
gui_set_state_value -category Layout -key stand_wave_top_pos_x -value 60
gui_set_state_value -category Layout -key stand_wave_top_pos_y -value 66
gui_set_state_value -category Layout -key stand_wave_top_size_x -value 1979
gui_set_state_value -category Layout -key stand_wave_top_size_y -value 1042
gui_create_state_key -category FindDialog -key m_pMatchCase -value_type bool -value false
gui_create_state_key -category FindDialog -key m_pMatchWord -value_type bool -value false
gui_create_state_key -category FindDialog -key m_pUseCombo -value_type string -value {}
gui_create_state_key -category FindDialog -key m_pWrapAround -value_type bool -value true
gui_create_state_key -category Widget_History -key TopLevel.1|qt_left_dock|DockWnd2|DLPane.1|pages|Data.1|hbox|textfilter -value_type string -value {dfi* dfi cmd* cmd}
gui_create_state_key -category Widget_History -key TopLevel.2|EkTopVbox|wndWorkspace|qt_workspacechild3|Wave.1|left|filterVBox|controlHBox|unnamed -value_type string -value {dfiphaseadapter* dfiphase* lpddr4* lpddr4}
gui_state_default_create -off

# Begin command logging
gui_open_db -file /home/jwang710/mc/verif/vcdplus.vpd -design V1
gui_list_select -id Data.1 -selected  { refresher_tb.clk   }
gui_list_select -id Data.1 { refresher_tb.rst  refresher_tb.cmd_ready  refresher_tb.cmd_valid  {refresher_tb.ref_tRP_cfg[7:0]}  {refresher_tb.ref_tRFC_cfg[7:0]}  {refresher_tb.ref_tREFI_cfg[11:0]}  {refresher_tb.ref_POSTPONE_cfg[3:0]}  {refresher_tb.cmd_a[16:0]}  {refresher_tb.cmd_ba[2:0]}  refresher_tb.cmd_last  refresher_tb.cmd_cas  refresher_tb.cmd_ras  refresher_tb.cmd_we   }
gui_open_window Wave
gui_list_add -id Wave.1 -from Data.1 { refresher_tb.clk refresher_tb.rst refresher_tb.cmd_ready refresher_tb.cmd_valid {refresher_tb.ref_tRP_cfg[7:0]} {refresher_tb.ref_tRFC_cfg[7:0]} {refresher_tb.ref_tREFI_cfg[11:0]} {refresher_tb.ref_POSTPONE_cfg[3:0]} {refresher_tb.cmd_a[16:0]} {refresher_tb.cmd_ba[2:0]} refresher_tb.cmd_last refresher_tb.cmd_cas refresher_tb.cmd_ras refresher_tb.cmd_we } -insertionbar
gui_wv_zoom_timerange -id  Wave.1 0 445
gui_zoom -window Wave.1 -full
gui_zoom -window Wave.1 -full
gui_zoom -window Wave.1 -full
gui_marker_move -id  Wave.1 C1 79332
gui_marker_select -id  Wave.1 { C1 }
gui_marker_move -id  Wave.1 C1 81068
gui_close_window -window TopLevel.2
gui_list_select -id Data.1 -selected  { {refresher_tb.ref_tRP_cfg[7:0]}   }
gui_save_session -reload -default_file
gui_set_pref_value -category {Globals} -key {use_mhpi_lookup} -value {false}
gui_set_pref_value -category {Globals} -key {use_mhpi_lookup} -value {true}
gui_list_select -id Data.1 -selected  { refresher_tb.clk   }
gui_list_select -id Data.1 { refresher_tb.rst  refresher_tb.cmd_ready  refresher_tb.cmd_valid  {refresher_tb.ref_tRP_cfg[7:0]}  {refresher_tb.ref_tRFC_cfg[7:0]}  {refresher_tb.ref_tREFI_cfg[11:0]}  {refresher_tb.ref_POSTPONE_cfg[3:0]}  {refresher_tb.cmd_a[16:0]}  {refresher_tb.cmd_ba[2:0]}  refresher_tb.cmd_last  refresher_tb.cmd_cas  refresher_tb.cmd_ras  refresher_tb.cmd_we   }
gui_open_window Wave
gui_list_add -id Wave.1 -from Data.1 { refresher_tb.clk refresher_tb.rst refresher_tb.cmd_ready refresher_tb.cmd_valid {refresher_tb.ref_tRP_cfg[7:0]} {refresher_tb.ref_tRFC_cfg[7:0]} {refresher_tb.ref_tREFI_cfg[11:0]} {refresher_tb.ref_POSTPONE_cfg[3:0]} {refresher_tb.cmd_a[16:0]} {refresher_tb.cmd_ba[2:0]} refresher_tb.cmd_last refresher_tb.cmd_cas refresher_tb.cmd_ras refresher_tb.cmd_we } -insertionbar
gui_wv_zoom_timerange -id  Wave.1 0 445
gui_zoom -window Wave.1 -full
gui_marker_move -id  Wave.1 C1 10717
gui_marker_move -id  Wave.1 C1 7125
gui_marker_move -id  Wave.1 C1 2634
gui_close_window -window TopLevel.2
gui_list_select -id Data.1 -selected  {  }
